<?xml version="1.0" encoding="UTF-8"?>
<!-- Generated by org.testng.reporters.JUnitReportReporter -->
<testsuite hostname="DESKTOP-VGUITQK" failures="0" tests="1" name="com.petSmile.MascotaTest" time="0.237" errors="0" timestamp="2024-01-18T17:18:37 CLST" skipped="0">
  <testcase classname="com.petSmile.MascotaTest" name="f" time="0.237"/>
  <system-out/>
</testsuite> <!-- com.petSmile.MascotaTest -->
