<?xml version="1.0" encoding="UTF-8"?>
<!-- Generated by org.testng.reporters.JUnitReportReporter -->
<testsuite hostname="DESKTOP-VGUITQK" failures="0" tests="1" name="com.petSmile.AgendaTest" time="0.238" errors="0" timestamp="2024-01-18T17:29:26 CLST" skipped="0">
  <testcase classname="com.petSmile.AgendaTest" name="f" time="0.238"/>
  <system-out/>
</testsuite> <!-- com.petSmile.AgendaTest -->
