<?xml version="1.0" encoding="UTF-8"?>
<!-- Generated by org.testng.reporters.JUnitReportReporter -->
<testsuite hostname="DESKTOP-VGUITQK" failures="0" tests="1" name="com.petSmile.DuegnoTest" time="0.267" errors="0" timestamp="2024-01-18T17:11:08 CLST" skipped="0">
  <testcase classname="com.petSmile.DuegnoTest" name="f" time="0.267"/>
  <system-out/>
</testsuite> <!-- com.petSmile.DuegnoTest -->
