<?xml version="1.0" encoding="UTF-8"?>
<!-- Generated by org.testng.reporters.JUnitReportReporter -->
<testsuite hostname="DESKTOP-VGUITQK" failures="0" tests="1" name="com.petSmile.MascotaTest" time="0,007" errors="0" timestamp="18 Jan 2024 22:23:30 GMT">
  <testcase classname="com.petSmile.MascotaTest" name="f" time="0,007"/>
</testsuite>
